<?xml version="1.0" encoding="UTF-8"?>
<testsuite xmlns:xsi="http://www.w3.org/2001/XMLSchema-instance" xsi:noNamespaceSchemaLocation="https://maven.apache.org/surefire/maven-surefire-plugin/xsd/surefire-test-report-3.0.xsd" version="3.0" name="runner.RunCucumberTest" time="7.654" tests="16" errors="2" skipped="10" failures="0">
  <properties>
[...]
</properties>
  <testcase name="Dado que eu estou no site" classname="Cenario: Cadastrar Cliente CPF" time="0.002">
    <system-err><![CDATA[Starting ChromeDriver 104.0.5112.29 (eff877e18f767c77fef0481a1cba402c8cbad404-refs/branch-heads/5112@{#422}) on port 33024
Only local connections are allowed.
Please see https://chromedriver.chromium.org/security-considerations for suggestions on keeping ChromeDriver safe.
ChromeDriver was started successfully.
[1662393082.651][WARNING]: This version of ChromeDriver has not been tested with Chrome version 105.
set 05, 2022 12:51:22 PM org.openqa.selenium.remote.ProtocolHandshake createSession
INFORMAÇÕES: Detected dialect: W3C
]]></system-err>
  </testcase>
  <testcase name="Quando preencho dados de login CPF" classname="Cenario: Cadastrar Cliente CPF" time="0"/>
  <testcase name="E clico em continuar" classname="Cenario: Cadastrar Cliente CPF" time="0"/>
  <testcase name="E vejo dados cadastrados" classname="Cenario: Cadastrar Cliente CPF" time="0">
    <system-out><![CDATA[Nome completo
]]></system-out>
  </testcase>
  <testcase name="E preencho o campo nome" classname="Cenario: Cadastrar Cliente CPF" time="0.005">
    <error message="no such element: Unable to locate element: {&quot;method&quot;:&quot;css selector&quot;,&quot;selector&quot;:&quot;#input\-42&quot;}&#10;  (Session info: chrome=105.0.5195.102)&#10;For documentation on this error, please visit: https://www.seleniumhq.org/exceptions/no_such_element.html&#10;Build info: version: &apos;3.141.59&apos;, revision: &apos;e82be7d358&apos;, time: &apos;2018-11-14T08:17:03&apos;&#10;System info: host: &apos;LUAN-TESTE&apos;, ip: &apos;192.168.1.41&apos;, os.name: &apos;Windows 10&apos;, os.arch: &apos;amd64&apos;, os.version: &apos;10.0&apos;, java.version: &apos;1.8.0_60&apos;&#10;Driver info: org.openqa.selenium.chrome.ChromeDriver&#10;Capabilities {acceptInsecureCerts: false, browserName: chrome, browserVersion: 105.0.5195.102, chrome: {chromedriverVersion: 104.0.5112.29 (eff877e18f76..., userDataDir: C:\Users\luanm\AppData\Loca...}, goog:chromeOptions: {debuggerAddress: localhost:60500}, javascriptEnabled: true, networkConnectionEnabled: false, pageLoadStrategy: normal, platform: WINDOWS, platformName: WINDOWS, proxy: Proxy(), setWindowRect: true, strictFileInteractability: false, timeouts: {implicit: 0, pageLoad: 300000, script: 30000}, unhandledPromptBehavior: dismiss and notify, webauthn:extension:credBlob: true, webauthn:extension:largeBlob: true, webauthn:virtualAuthenticators: true}&#10;Session ID: f6b10d2c1b953e12161331f35e292b95&#10;*** Element info: {Using=id, value=input-42}" type="org.openqa.selenium.NoSuchElementException"><![CDATA[org.openqa.selenium.NoSuchElementException: 
no such element: Unable to locate element: {"method":"css selector","selector":"#input\-42"}
  (Session info: chrome=105.0.5195.102)
For documentation on this error, please visit: https://www.seleniumhq.org/exceptions/no_such_element.html
Build info: version: '3.141.59', revision: 'e82be7d358', time: '2018-11-14T08:17:03'
System info: host: 'LUAN-TESTE', ip: '192.168.1.41', os.name: 'Windows 10', os.arch: 'amd64', os.version: '10.0', java.version: '1.8.0_60'
Driver info: org.openqa.selenium.chrome.ChromeDriver
Capabilities {acceptInsecureCerts: false, browserName: chrome, browserVersion: 105.0.5195.102, chrome: {chromedriverVersion: 104.0.5112.29 (eff877e18f76..., userDataDir: C:\Users\luanm\AppData\Loca...}, goog:chromeOptions: {debuggerAddress: localhost:60500}, javascriptEnabled: true, networkConnectionEnabled: false, pageLoadStrategy: normal, platform: WINDOWS, platformName: WINDOWS, proxy: Proxy(), setWindowRect: true, strictFileInteractability: false, timeouts: {implicit: 0, pageLoad: 300000, script: 30000}, unhandledPromptBehavior: dismiss and notify, webauthn:extension:credBlob: true, webauthn:extension:largeBlob: true, webauthn:virtualAuthenticators: true}
Session ID: f6b10d2c1b953e12161331f35e292b95
*** Element info: {Using=id, value=input-42}
]]></error>
  </testcase>
  <testcase name="" classname="Cenario: Cadastrar Cliente CPF" time="0.006">
    <error message="no such element: Unable to locate element: {&quot;method&quot;:&quot;css selector&quot;,&quot;selector&quot;:&quot;#input\-42&quot;}&#10;  (Session info: chrome=105.0.5195.102)&#10;For documentation on this error, please visit: https://www.seleniumhq.org/exceptions/no_such_element.html&#10;Build info: version: &apos;3.141.59&apos;, revision: &apos;e82be7d358&apos;, time: &apos;2018-11-14T08:17:03&apos;&#10;System info: host: &apos;LUAN-TESTE&apos;, ip: &apos;192.168.1.41&apos;, os.name: &apos;Windows 10&apos;, os.arch: &apos;amd64&apos;, os.version: &apos;10.0&apos;, java.version: &apos;1.8.0_60&apos;&#10;Driver info: org.openqa.selenium.chrome.ChromeDriver&#10;Capabilities {acceptInsecureCerts: false, browserName: chrome, browserVersion: 105.0.5195.102, chrome: {chromedriverVersion: 104.0.5112.29 (eff877e18f76..., userDataDir: C:\Users\luanm\AppData\Loca...}, goog:chromeOptions: {debuggerAddress: localhost:60500}, javascriptEnabled: true, networkConnectionEnabled: false, pageLoadStrategy: normal, platform: WINDOWS, platformName: WINDOWS, proxy: Proxy(), setWindowRect: true, strictFileInteractability: false, timeouts: {implicit: 0, pageLoad: 300000, script: 30000}, unhandledPromptBehavior: dismiss and notify, webauthn:extension:credBlob: true, webauthn:extension:largeBlob: true, webauthn:virtualAuthenticators: true}&#10;Session ID: f6b10d2c1b953e12161331f35e292b95&#10;*** Element info: {Using=id, value=input-42}" type="org.openqa.selenium.NoSuchElementException"><![CDATA[org.openqa.selenium.NoSuchElementException: 
no such element: Unable to locate element: {"method":"css selector","selector":"#input\-42"}
  (Session info: chrome=105.0.5195.102)
For documentation on this error, please visit: https://www.seleniumhq.org/exceptions/no_such_element.html
Build info: version: '3.141.59', revision: 'e82be7d358', time: '2018-11-14T08:17:03'
System info: host: 'LUAN-TESTE', ip: '192.168.1.41', os.name: 'Windows 10', os.arch: 'amd64', os.version: '10.0', java.version: '1.8.0_60'
Driver info: org.openqa.selenium.chrome.ChromeDriver
Capabilities {acceptInsecureCerts: false, browserName: chrome, browserVersion: 105.0.5195.102, chrome: {chromedriverVersion: 104.0.5112.29 (eff877e18f76..., userDataDir: C:\Users\luanm\AppData\Loca...}, goog:chromeOptions: {debuggerAddress: localhost:60500}, javascriptEnabled: true, networkConnectionEnabled: false, pageLoadStrategy: normal, platform: WINDOWS, platformName: WINDOWS, proxy: Proxy(), setWindowRect: true, strictFileInteractability: false, timeouts: {implicit: 0, pageLoad: 300000, script: 30000}, unhandledPromptBehavior: dismiss and notify, webauthn:extension:credBlob: true, webauthn:extension:largeBlob: true, webauthn:virtualAuthenticators: true}
Session ID: f6b10d2c1b953e12161331f35e292b95
*** Element info: {Using=id, value=input-42}
]]></error>
  </testcase>
  <testcase name="E seleciono o genero" classname="Cenario: Cadastrar Cliente CPF" time="0">
    <skipped/>
  </testcase>
  <testcase name="E preencho o campo celular" classname="Cenario: Cadastrar Cliente CPF" time="0">
    <skipped/>
  </testcase>
  <testcase name="E preencho o campo e-mail" classname="Cenario: Cadastrar Cliente CPF" time="0">
    <skipped/>
  </testcase>
  <testcase name="E preencho a data de nascimento" classname="Cenario: Cadastrar Cliente CPF" time="0">
    <skipped/>
  </testcase>
  <testcase name="E preencho o campo CEP" classname="Cenario: Cadastrar Cliente CPF" time="0">
    <skipped/>
  </testcase>
  <testcase name="E preencho o campo numero" classname="Cenario: Cadastrar Cliente CPF" time="0">
    <skipped/>
  </testcase>
  <testcase name="E preencho o campo dados de acesso campo senha" classname="Cenario: Cadastrar Cliente CPF" time="0">
    <skipped/>
  </testcase>
  <testcase name="E clico no botao li e concordo" classname="Cenario: Cadastrar Cliente CPF" time="0">
    <skipped/>
  </testcase>
  <testcase name="E clico no botao cadastrar" classname="Cenario: Cadastrar Cliente CPF" time="0">
    <skipped/>
  </testcase>
  <testcase name="Entao clico no botao finalizar para ver a home" classname="Cenario: Cadastrar Cliente CPF" time="0">
    <skipped/>
  </testcase>
</testsuite>